Build started 13/02/2014 16:31:05.
     1>Project "H:\Visual Studio 2010\Projects\GameDev\Game\Game.vcxproj" on node 2 (build target(s)).
     1>InitializeBuildStatus:
         Touching "Release\Game.unsuccessfulbuild".
       ClCompile:
         All outputs are up-to-date.
       Link:
         C:\Program Files (x86)\Microsoft Visual Studio 10.0\VC\bin\link.exe /ERRORREPORT:PROMPT /OUT:"H:\Visual Studio 2010\Projects\GameDev\OpenGLGraphics\Release\Game.exe" /INCREMENTAL:NO /NOLOGO /LIBPATH:"..\SDL2-2.0.1\lib\x64" SDL2.lib SDL2main.lib kernel32.lib user32.lib gdi32.lib winspool.lib comdlg32.lib advapi32.lib shell32.lib ole32.lib oleaut32.lib uuid.lib odbc32.lib odbccp32.lib /MANIFEST /ManifestFile:"Release\Game.exe.intermediate.manifest" /MANIFESTUAC:"level='asInvoker' uiAccess='false'" /DEBUG /PDB:"H:\Visual Studio 2010\Projects\GameDev\OpenGLGraphics\Release\Game.pdb" /SUBSYSTEM:CONSOLE /OPT:REF /OPT:ICF /LTCG /TLBID:1 /DYNAMICBASE /NXCOMPAT /IMPLIB:"H:\Visual Studio 2010\Projects\GameDev\OpenGLGraphics\Release\Game.lib" /MACHINE:X86 Release\Entity.obj
         Release\Mesh.obj
         Release\Renderer.obj
         Release\RenderObject.obj
         Release\Shader.obj
         Release\main.obj
         Release\Ship.obj
     1>Renderer.obj : error LNK2001: unresolved external symbol "protected: void __thiscall OGLRenderer::UpdateShaderMatrices(unsigned int)" (?UpdateShaderMatrices@OGLRenderer@@IAEXI@Z)
     1>Renderer.obj : error LNK2001: unresolved external symbol "protected: virtual void __thiscall OGLRenderer::Resize(int,int)" (?Resize@OGLRenderer@@MAEXHH@Z)
     1>Renderer.obj : error LNK2001: unresolved external symbol "public: virtual __thiscall OGLRenderer::~OGLRenderer(void)" (??1OGLRenderer@@UAE@XZ)
     1>Renderer.obj : error LNK2001: unresolved external symbol "public: __thiscall OGLRenderer::OGLRenderer(class Window &)" (??0OGLRenderer@@QAE@AAVWindow@@@Z)
     1>Renderer.obj : error LNK2001: unresolved external symbol "public: static class Matrix4 __cdecl Matrix4::Perspective(float,float,float,float)" (?Perspective@Matrix4@@SA?AV1@MMMM@Z)
     1>Renderer.obj : error LNK2001: unresolved external symbol "public: static class Matrix4 __cdecl Matrix4::Translation(class Vector3 const &)" (?Translation@Matrix4@@SA?AV1@ABVVector3@@@Z)
     1>Renderer.obj : error LNK2001: unresolved external symbol "public: static class Matrix4 __cdecl Matrix4::Scale(class Vector3 const &)" (?Scale@Matrix4@@SA?AV1@ABVVector3@@@Z)
     1>Renderer.obj : error LNK2001: unresolved external symbol "public: static class Matrix4 __cdecl Matrix4::Rotation(float,class Vector3 const &)" (?Rotation@Matrix4@@SA?AV1@MABVVector3@@@Z)
     1>Renderer.obj : error LNK2001: unresolved external symbol "public: __thiscall Matrix4::~Matrix4(void)" (??1Matrix4@@QAE@XZ)
     1>Renderer.obj : error LNK2001: unresolved external symbol "public: __thiscall Matrix4::Matrix4(void)" (??0Matrix4@@QAE@XZ)
     1>MSVCRT.lib(crtexe.obj) : error LNK2001: unresolved external symbol _main
     1>H:\Visual Studio 2010\Projects\GameDev\OpenGLGraphics\Release\Game.exe : fatal error LNK1120: 11 unresolved externals
     1>Done Building Project "H:\Visual Studio 2010\Projects\GameDev\Game\Game.vcxproj" (build target(s)) -- FAILED.

Build FAILED.

Time Elapsed 00:00:00.44
