Build started 17/02/2014 22:02:18.
     1>Project "C:\Users\HotRod\Documents\Courseworks\GameDev\Game\Game.vcxproj" on node 2 (build target(s)).
     1>InitializeBuildStatus:
         Touching "Debug\Game.unsuccessfulbuild".
       ClCompile:
         c:\Program Files (x86)\Microsoft Visual Studio 10.0\VC\bin\CL.exe /c /ZI /nologo /W3 /WX- /Od /Oy- /D WIN32 /D GLEW_STATIC /D _DEBUG /D _CONSOLE /D _UNICODE /D UNICODE /Gm /EHsc /RTC1 /MDd /GS /fp:precise /Zc:wchar_t /Zc:forScope /Fo"Debug\\" /Fd"Debug\vc100.pdb" /Gd /TP /analyze- /errorReport:prompt Model.cpp
         Model.cpp
     1>c:\users\hotrod\documents\courseworks\gamedev\game\level.h(42): warning C4101: 'e' : unreferenced local variable
       ManifestResourceCompile:
         All outputs are up-to-date.
       Link:
         c:\Program Files (x86)\Microsoft Visual Studio 10.0\VC\bin\link.exe /ERRORREPORT:PROMPT /OUT:"C:\Users\HotRod\Documents\Courseworks\GameDev\Game\Debug\Game.exe" /INCREMENTAL /NOLOGO glew32s.lib glu32.lib opengl32.lib SDL2.lib SDL2main.lib SDL2_image.lib kernel32.lib user32.lib gdi32.lib winspool.lib comdlg32.lib advapi32.lib shell32.lib ole32.lib oleaut32.lib uuid.lib odbc32.lib odbccp32.lib /MANIFEST /ManifestFile:"Debug\Game.exe.intermediate.manifest" /MANIFESTUAC:"level='asInvoker' uiAccess='false'" /DEBUG /PDB:"C:\Users\HotRod\Documents\Courseworks\GameDev\Game\Debug\Game.pdb" /SUBSYSTEM:CONSOLE /TLBID:1 /DYNAMICBASE /NXCOMPAT /IMPLIB:"C:\Users\HotRod\Documents\Courseworks\GameDev\Game\Debug\Game.lib" /MACHINE:X86 Debug\Game.exe.embed.manifest.res
         Debug\Entity.obj
         Debug\GameApp.obj
         Debug\GameRenderer.obj
         Debug\Image.obj
         Debug\InterfaceItem.obj
         Debug\Level.obj
         Debug\main.obj
         Debug\Matrix3.obj
         Debug\Matrix4.obj
         Debug\Model.obj
         Debug\ModelLoader.obj
         Debug\Shader.obj
         Debug\Ship.obj
         Debug\UserInterface.obj
     1>LINK : warning LNK4098: defaultlib 'LIBCMT' conflicts with use of other libs; use /NODEFAULTLIB:library
     1>MSVCRTD.lib(cinitexe.obj) : warning LNK4098: defaultlib 'msvcrt.lib' conflicts with use of other libs; use /NODEFAULTLIB:library
     1>glew32s.lib(glew.obj) : warning LNK4204: 'C:\Users\HotRod\Documents\Courseworks\GameDev\Game\Debug\vc100.pdb' is missing debugging information for referencing module; linking object as if no debug info
       Manifest:
         c:\Program Files (x86)\Microsoft SDKs\Windows\v7.0A\bin\mt.exe /nologo /verbose /out:"Debug\Game.exe.embed.manifest" /manifest Debug\Game.exe.intermediate.manifest
         All outputs are up-to-date.
       LinkEmbedManifest:
         All outputs are up-to-date.
         Game.vcxproj -> C:\Users\HotRod\Documents\Courseworks\GameDev\Game\Debug\Game.exe
       FinalizeBuildStatus:
         Deleting file "Debug\Game.unsuccessfulbuild".
         Touching "Debug\Game.lastbuildstate".
     1>Done Building Project "C:\Users\HotRod\Documents\Courseworks\GameDev\Game\Game.vcxproj" (build target(s)).

Build succeeded.

Time Elapsed 00:00:01.34
