C:\Users\HotRod\Documents\Courseworks\GameDev\Game\Debug\cl.command.1.tlog
C:\Users\HotRod\Documents\Courseworks\GameDev\Game\Debug\CL.read.1.tlog
C:\Users\HotRod\Documents\Courseworks\GameDev\Game\Debug\CL.write.1.tlog
C:\USERS\HOTROD\DOCUMENTS\COURSEWORKS\GAMEDEV\GAME\DEBUG\ENTITY.OBJ
C:\Users\HotRod\Documents\Courseworks\GameDev\Game\Debug\Game.exe.embed.manifest
C:\USERS\HOTROD\DOCUMENTS\COURSEWORKS\GAMEDEV\GAME\DEBUG\GAME.EXE.EMBED.MANIFEST.RES
C:\Users\HotRod\Documents\Courseworks\GameDev\Game\Debug\Game.exe.intermediate.manifest
C:\Users\HotRod\Documents\Courseworks\GameDev\Game\Debug\Game.pdb
C:\Users\HotRod\Documents\Courseworks\GameDev\Game\Debug\Game.write.1.tlog
C:\Users\HotRod\Documents\Courseworks\GameDev\Game\Debug\Game_manifest.rc
C:\USERS\HOTROD\DOCUMENTS\COURSEWORKS\GAMEDEV\GAME\DEBUG\GAMEAPP.OBJ
C:\USERS\HOTROD\DOCUMENTS\COURSEWORKS\GAMEDEV\GAME\DEBUG\GAMERENDERER.OBJ
C:\USERS\HOTROD\DOCUMENTS\COURSEWORKS\GAMEDEV\GAME\DEBUG\IMAGE.OBJ
C:\USERS\HOTROD\DOCUMENTS\COURSEWORKS\GAMEDEV\GAME\DEBUG\INTERFACEITEM.OBJ
C:\USERS\HOTROD\DOCUMENTS\COURSEWORKS\GAMEDEV\GAME\DEBUG\LEVEL.OBJ
C:\Users\HotRod\Documents\Courseworks\GameDev\Game\Debug\link.command.1.tlog
C:\Users\HotRod\Documents\Courseworks\GameDev\Game\Debug\link.read.1.tlog
C:\Users\HotRod\Documents\Courseworks\GameDev\Game\Debug\link.write.1.tlog
C:\Users\HotRod\Documents\Courseworks\GameDev\Game\Debug\link-cvtres.read.1.tlog
C:\Users\HotRod\Documents\Courseworks\GameDev\Game\Debug\link-cvtres.write.1.tlog
C:\USERS\HOTROD\DOCUMENTS\COURSEWORKS\GAMEDEV\GAME\DEBUG\MAIN.OBJ
C:\USERS\HOTROD\DOCUMENTS\COURSEWORKS\GAMEDEV\GAME\DEBUG\OBJECTLOADER.OBJ
C:\Users\HotRod\Documents\Courseworks\GameDev\Game\Debug\rc.command.1.tlog
C:\Users\HotRod\Documents\Courseworks\GameDev\Game\Debug\rc.read.1.tlog
C:\Users\HotRod\Documents\Courseworks\GameDev\Game\Debug\rc.write.1.tlog
C:\USERS\HOTROD\DOCUMENTS\COURSEWORKS\GAMEDEV\GAME\DEBUG\SHIP.OBJ
C:\USERS\HOTROD\DOCUMENTS\COURSEWORKS\GAMEDEV\GAME\DEBUG\USERINTERFACE.OBJ
C:\Users\HotRod\Documents\Courseworks\GameDev\Game\Debug\vc100.idb
C:\USERS\HOTROD\DOCUMENTS\COURSEWORKS\GAMEDEV\GAME\DEBUG\VC100.PDB
